<?xml version="1.0" encoding="UTF-8"?>
<!-- Generated by org.testng.reporters.JUnitReportReporter -->
<testsuite hostname="BDC4A-L-529724B" name="scripts.Dei_main" tests="1" failures="0" timestamp="3 Apr 2017 13:37:31 GMT" time="253.930" errors="0">
  <testcase name="deiApplicationTest" time="253.930" classname="scripts.Dei_main"/>
</testsuite> <!-- scripts.Dei_main -->
