<?xml version="1.0" encoding="UTF-8"?>
<!-- Generated by org.testng.reporters.JUnitReportReporter -->
<testsuite hostname="BDC4A-L-529724B" name="scripts.Test1" tests="1" failures="0" timestamp="12 Apr 2016 11:25:32 GMT" time="23.570" errors="0">
  <testcase name="atlasLogin" time="23.570" classname="scripts.Test1"/>
</testsuite> <!-- scripts.Test1 -->
