<?xml version="1.0" encoding="UTF-8"?>
<!-- Generated by org.testng.reporters.JUnitReportReporter -->
<testsuite hostname="bdc4b-d-75c1n62" name="scripts.CheckingAnnotations" tests="1" failures="0" timestamp="30 Jan 2017 05:53:56 GMT" time="0.000" errors="0">
  <testcase name="test" time="0.000" classname="scripts.CheckingAnnotations"/>
</testsuite> <!-- scripts.CheckingAnnotations -->
