<?xml version="1.0" encoding="UTF-8"?>
<!-- Generated by org.testng.reporters.JUnitReportReporter -->
<testsuite hostname="BDC4A-L-529724B" name="scripts.AssureNET_IT" tests="1" failures="0" timestamp="29 Jun 2016 07:51:51 GMT" time="28.060" errors="0">
  <testcase name="azzureNET" time="28.060" classname="scripts.AssureNET_IT"/>
</testsuite> <!-- scripts.AssureNET_IT -->
