<?xml version="1.0" encoding="UTF-8"?>
<!-- Generated by org.testng.reporters.JUnitReportReporter -->
<testsuite hostname="BDC4A-L-529724B" name="scripts.Atlas_Search" tests="3" failures="0" timestamp="1 Apr 2016 08:33:37 GMT" time="56.264" errors="0">
  <testcase name="search" time="18.263" classname="scripts.Atlas_Search"/>
  <testcase name="search" time="19.306" classname="scripts.Atlas_Search"/>
  <testcase name="search" time="18.695" classname="scripts.Atlas_Search"/>
</testsuite> <!-- scripts.Atlas_Search -->
