<?xml version="1.0" encoding="UTF-8"?>
<!-- Generated by org.testng.reporters.JUnitReportReporter -->
<testsuite hostname="BDC4A-L-529724B" name="scripts.BusinessAdvisor" tests="11" failures="0" timestamp="13 Apr 2017 12:19:37 GMT" time="149.668" errors="0">
  <testcase name="businessAdvisorValidation" time="31.028" classname="scripts.BusinessAdvisor"/>
  <testcase name="businessAdvisorValidation" time="118.637" classname="scripts.BusinessAdvisor"/>
  <testcase name="businessAdvisorValidation" time="0.000" classname="scripts.BusinessAdvisor"/>
  <testcase name="businessAdvisorValidation" time="0.000" classname="scripts.BusinessAdvisor"/>
  <testcase name="businessAdvisorValidation" time="0.000" classname="scripts.BusinessAdvisor"/>
  <testcase name="businessAdvisorValidation" time="0.001" classname="scripts.BusinessAdvisor"/>
  <testcase name="businessAdvisorValidation" time="0.000" classname="scripts.BusinessAdvisor"/>
  <testcase name="businessAdvisorValidation" time="0.001" classname="scripts.BusinessAdvisor"/>
  <testcase name="businessAdvisorValidation" time="0.001" classname="scripts.BusinessAdvisor"/>
  <testcase name="businessAdvisorValidation" time="0.000" classname="scripts.BusinessAdvisor"/>
  <testcase name="businessAdvisorValidation" time="0.000" classname="scripts.BusinessAdvisor"/>
</testsuite> <!-- scripts.BusinessAdvisor -->
