<?xml version="1.0" encoding="UTF-8"?>
<!-- Generated by org.testng.reporters.JUnitReportReporter -->
<testsuite hostname="P5-508SC8Q" name="scripts.Demo" tests="1" failures="0" timestamp="24 May 2018 05:22:11 GMT" time="0.042" errors="0">
  <testcase name="Do" time="0.042" classname="scripts.Demo"/>
</testsuite> <!-- scripts.Demo -->
