<?xml version="1.0" encoding="UTF-8"?>
<!-- Generated by org.testng.reporters.JUnitReportReporter -->
<testsuite hostname="bdc4b-d-75c1n62" name="scripts.Atcat" tests="1" failures="0" timestamp="2 Mar 2017 13:45:19 GMT" time="80.710" errors="0">
  <testcase name="atcatValidation" time="80.710" classname="scripts.Atcat"/>
</testsuite> <!-- scripts.Atcat -->
