<?xml version="1.0" encoding="UTF-8"?>
<!-- Generated by org.testng.reporters.JUnitReportReporter -->
<testsuite hostname="BDC4A-L-529724B" name="scripts.AssureNET_IT" tests="1" failures="0" timestamp="4 Jul 2016 14:17:38 GMT" time="63.916" errors="0">
  <testcase name="azzureNET" time="63.916" classname="scripts.AssureNET_IT"/>
</testsuite> <!-- scripts.AssureNET_IT -->
