<?xml version="1.0" encoding="UTF-8"?>
<!-- Generated by org.testng.reporters.JUnitReportReporter -->
<testsuite hostname="BDC4A-L-529724B" name="scripts.Dei_main" tests="7" failures="0" timestamp="6 Apr 2017 12:14:40 GMT" time="945.607" errors="0">
  <testcase name="deiApplicationTest" time="168.991" classname="scripts.Dei_main"/>
  <testcase name="deiApplicationTest" time="30.546" classname="scripts.Dei_main"/>
  <testcase name="deiApplicationTest" time="136.393" classname="scripts.Dei_main"/>
  <testcase name="deiApplicationTest" time="92.315" classname="scripts.Dei_main"/>
  <testcase name="deiApplicationTest" time="33.899" classname="scripts.Dei_main"/>
  <testcase name="deiApplicationTest" time="369.017" classname="scripts.Dei_main"/>
  <testcase name="deiApplicationTest" time="114.446" classname="scripts.Dei_main"/>
</testsuite> <!-- scripts.Dei_main -->
